2013-10-19 09:55:13	Loading Existing Config File.
2013-10-19 09:55:13	Attempting URL Connection to: http://shear-n-dipity.com/api/appointments/types
2013-10-19 09:55:13	Attempting URL Connection to: http://shear-n-dipity.com/api/staff
2013-10-19 09:55:13	Attempting URL Connection to: http://shear-n-dipity.com/api/appointments/types
2013-10-19 09:55:13	Attempting URL Connection to: http://shear-n-dipity.com/api/contacts
2013-10-19 09:55:13	Attempting URL Connection to: http://shear-n-dipity.com/api/staff/appointments/2013-10-13/2013-10-19
2013-10-19 09:55:13	Attempting URL Connection to: http://shear-n-dipity.com/api/staff/available/2013-10-13/2013-10-19
2013-10-19 09:57:23	Loading Existing Config File.
2013-10-19 09:57:23	Attempting URL Connection to: http://shear-n-dipity.com/api/staff
2013-10-19 09:57:23	Attempting URL Connection to: http://shear-n-dipity.com/api/appointments/types
2013-10-19 09:57:23	Attempting URL Connection to: http://shear-n-dipity.com/api/appointments/types
2013-10-19 09:57:23	Attempting URL Connection to: http://shear-n-dipity.com/api/contacts
2013-10-19 09:57:23	Attempting URL Connection to: http://shear-n-dipity.com/api/staff/appointments/2013-10-13/2013-10-19
2013-10-19 09:57:23	Attempting URL Connection to: http://shear-n-dipity.com/api/staff/available/2013-10-13/2013-10-19
2013-10-19 09:57:54	Loading Existing Config File.
2013-10-19 09:57:54	Attempting URL Connection to: http://shear-n-dipity.com/api/staff
2013-10-19 09:57:54	Attempting URL Connection to: http://shear-n-dipity.com/api/contacts
2013-10-19 09:57:54	Attempting URL Connection to: http://shear-n-dipity.com/api/appointments/types
2013-10-19 09:57:54	Attempting URL Connection to: http://shear-n-dipity.com/api/appointments/types
2013-10-19 09:57:54	Attempting URL Connection to: http://shear-n-dipity.com/api/staff/appointments/2013-10-13/2013-10-19
2013-10-19 09:57:54	Attempting URL Connection to: http://shear-n-dipity.com/api/staff/available/2013-10-13/2013-10-19
2013-10-19 10:02:13	Loading Existing Config File.
2013-10-19 10:02:13	Attempting URL Connection to: http://shear-n-dipity.com/api/appointments/types
2013-10-19 10:02:13	Attempting URL Connection to: http://shear-n-dipity.com/api/appointments/types
2013-10-19 10:02:13	Attempting URL Connection to: http://shear-n-dipity.com/api/contacts
2013-10-19 10:02:13	Attempting URL Connection to: http://shear-n-dipity.com/api/staff
2013-10-19 10:02:13	Attempting URL Connection to: http://shear-n-dipity.com/api/staff/appointments/2013-10-13/2013-10-19
2013-10-19 10:02:13	Attempting URL Connection to: http://shear-n-dipity.com/api/staff/available/2013-10-13/2013-10-19
2013-10-19 10:02:58	Loading Existing Config File.
2013-10-19 10:02:58	Attempting URL Connection to: http://shear-n-dipity.com/api/appointments/types
2013-10-19 10:02:58	Attempting URL Connection to: http://shear-n-dipity.com/api/staff
2013-10-19 10:02:58	Attempting URL Connection to: http://shear-n-dipity.com/api/appointments/types
2013-10-19 10:02:58	Attempting URL Connection to: http://shear-n-dipity.com/api/contacts
2013-10-19 10:02:59	Attempting URL Connection to: http://shear-n-dipity.com/api/staff/appointments/2013-10-13/2013-10-19
2013-10-19 10:02:59	Attempting URL Connection to: http://shear-n-dipity.com/api/staff/available/2013-10-13/2013-10-19
2013-10-19 10:04:17	Loading Existing Config File.
2013-10-19 10:04:17	Attempting URL Connection to: http://shear-n-dipity.com/api/staff
2013-10-19 10:04:17	Attempting URL Connection to: http://shear-n-dipity.com/api/appointments/types
2013-10-19 10:04:17	Attempting URL Connection to: http://shear-n-dipity.com/api/appointments/types
2013-10-19 10:04:17	Attempting URL Connection to: http://shear-n-dipity.com/api/contacts
2013-10-19 10:04:17	Attempting URL Connection to: http://shear-n-dipity.com/api/staff/appointments/2013-10-13/2013-10-19
2013-10-19 10:04:17	Attempting URL Connection to: http://shear-n-dipity.com/api/staff/available/2013-10-13/2013-10-19
2013-10-19 10:04:19	Attempting URL Connection to: http://shear-n-dipity.com/api/staff/appointments/1970-01-04/1970-01-10
2013-10-19 10:04:19	Attempting URL Connection to: http://shear-n-dipity.com/api/staff/available/1970-01-04/1970-01-10
2013-10-19 10:04:23	Attempting URL Connection to: http://shear-n-dipity.com/api/staff/appointments/1969-12-21/1969-12-27
2013-10-19 10:04:23	Attempting URL Connection to: http://shear-n-dipity.com/api/staff/available/1969-12-21/1969-12-27
2013-10-19 10:05:12	Loading Existing Config File.
2013-10-19 10:05:12	Attempting URL Connection to: http://shear-n-dipity.com/api/appointments/types
2013-10-19 10:05:12	Attempting URL Connection to: http://shear-n-dipity.com/api/appointments/types
2013-10-19 10:05:12	Attempting URL Connection to: http://shear-n-dipity.com/api/staff
2013-10-19 10:05:12	Attempting URL Connection to: http://shear-n-dipity.com/api/contacts
2013-10-19 10:05:12	Attempting URL Connection to: http://shear-n-dipity.com/api/staff/appointments/2013-10-13/2013-10-19
2013-10-19 10:05:12	Attempting URL Connection to: http://shear-n-dipity.com/api/staff/available/2013-10-13/2013-10-19
2013-10-19 10:05:16	Attempting URL Connection to: http://shear-n-dipity.com/api/staff/appointments/2013-10-20/2013-10-26
2013-10-19 10:05:16	Attempting URL Connection to: http://shear-n-dipity.com/api/staff/available/2013-10-20/2013-10-26
2013-10-19 10:05:20	Attempting URL Connection to: http://shear-n-dipity.com/api/staff/appointments/2013-10-13/2013-10-19
2013-10-19 10:05:20	Attempting URL Connection to: http://shear-n-dipity.com/api/staff/available/2013-10-13/2013-10-19
2013-10-19 10:05:21	Attempting URL Connection to: http://shear-n-dipity.com/api/staff/appointments/2013-10-06/2013-10-12
2013-10-19 10:05:21	Attempting URL Connection to: http://shear-n-dipity.com/api/staff/available/2013-10-06/2013-10-12
2013-10-19 10:10:02	Loading Existing Config File.
2013-10-19 10:10:02	Attempting URL Connection to: http://shear-n-dipity.com/api/appointments/types
2013-10-19 10:10:02	Attempting URL Connection to: http://shear-n-dipity.com/api/appointments/types
2013-10-19 10:10:02	Attempting URL Connection to: http://shear-n-dipity.com/api/staff
2013-10-19 10:10:02	Attempting URL Connection to: http://shear-n-dipity.com/api/contacts
2013-10-19 10:10:03	Attempting URL Connection to: http://shear-n-dipity.com/api/staff/appointments/2013-10-13/2013-10-19
2013-10-19 10:10:03	Attempting URL Connection to: http://shear-n-dipity.com/api/staff/available/2013-10-13/2013-10-19
2013-10-19 10:10:07	Attempting URL Connection to: http://shear-n-dipity.com/api/staff/appointments/2013-10-20/2013-10-26
2013-10-19 10:10:07	Attempting URL Connection to: http://shear-n-dipity.com/api/staff/available/2013-10-20/2013-10-26
2013-10-19 10:11:42	Loading Existing Config File.
2013-10-19 10:11:42	Attempting URL Connection to: http://shear-n-dipity.com/api/appointments/types
2013-10-19 10:11:42	Attempting URL Connection to: http://shear-n-dipity.com/api/contacts
2013-10-19 10:11:42	Attempting URL Connection to: http://shear-n-dipity.com/api/staff
2013-10-19 10:11:42	Attempting URL Connection to: http://shear-n-dipity.com/api/appointments/types
2013-10-19 10:11:42	Attempting URL Connection to: http://shear-n-dipity.com/api/staff/available/2013-10-13/2013-10-19
2013-10-19 10:11:42	Attempting URL Connection to: http://shear-n-dipity.com/api/staff/appointments/2013-10-13/2013-10-19
