Oct 8, 2013	Loading Existing Config File.
Oct 8, 2013	Attempting URL Connection to: http://shear-n-dipity.com/api/appointments/types
Oct 8, 2013	Attempting URL Connection to: http://shear-n-dipity.com/api/contacts
Oct 8, 2013	Attempting URL Connection to: http://shear-n-dipity.com/api/staff
Oct 8, 2013	Attempting URL Connection to: http://shear-n-dipity.com/api/appointments/types
Oct 8, 2013	Attempting URL Connection to: http://shear-n-dipity.com/api/staff/appointments/2013-10-06/2013-10-12
Oct 8, 2013	Attempting URL Connection to: http://shear-n-dipity.com/api/staff/available/2013-10-06/2013-10-12
2013-10-08 09:51:38	Loading Existing Config File.
2013-10-08 09:51:38	Attempting URL Connection to: http://shear-n-dipity.com/api/appointments/types
2013-10-08 09:51:38	Attempting URL Connection to: http://shear-n-dipity.com/api/staff
2013-10-08 09:51:38	Attempting URL Connection to: http://shear-n-dipity.com/api/contacts
2013-10-08 09:51:38	Attempting URL Connection to: http://shear-n-dipity.com/api/appointments/types
2013-10-08 09:51:38	Attempting URL Connection to: http://shear-n-dipity.com/api/staff/appointments/2013-10-06/2013-10-12
2013-10-08 09:51:38	Attempting URL Connection to: http://shear-n-dipity.com/api/staff/available/2013-10-06/2013-10-12
2013-10-08 09:51:56	Loading Existing Config File.
2013-10-08 09:51:56	Attempting URL Connection to: http://shear-n-dipity.com/api/contacts
2013-10-08 09:51:56	Attempting URL Connection to: http://shear-n-dipity.com/api/appointments/types
2013-10-08 09:51:56	Attempting URL Connection to: http://shear-n-dipity.com/api/staff
2013-10-08 09:51:56	Attempting URL Connection to: http://shear-n-dipity.com/api/appointments/types
2013-10-08 09:51:57	Attempting URL Connection to: http://shear-n-dipity.com/api/staff/appointments/2013-10-06/2013-10-12
2013-10-08 09:51:57	Attempting URL Connection to: http://shear-n-dipity.com/api/staff/available/2013-10-06/2013-10-12
2013-10-08 09:52:28	Loading Existing Config File.
2013-10-08 09:52:28	Attempting URL Connection to: http://shear-n-dipity.com/api/appointments/types
2013-10-08 09:52:28	Attempting URL Connection to: http://shear-n-dipity.com/api/appointments/types
2013-10-08 09:52:28	Attempting URL Connection to: http://shear-n-dipity.com/api/contacts
2013-10-08 09:52:28	Attempting URL Connection to: http://shear-n-dipity.com/api/staff
2013-10-08 09:52:28	Attempting URL Connection to: http://shear-n-dipity.com/api/staff/appointments/2013-10-06/2013-10-12
2013-10-08 09:52:28	Attempting URL Connection to: http://shear-n-dipity.com/api/staff/available/2013-10-06/2013-10-12
2013-10-08 10:01:55	Loading Existing Config File.
2013-10-08 10:01:55	Attempting URL Connection to: http://shear-n-dipity.com/api/staff
2013-10-08 10:01:55	Attempting URL Connection to: http://shear-n-dipity.com/api/contacts
2013-10-08 10:01:55	Attempting URL Connection to: http://shear-n-dipity.com/api/appointments/types
2013-10-08 10:01:55	Attempting URL Connection to: http://shear-n-dipity.com/api/appointments/types
2013-10-08 10:01:55	Attempting URL Connection to: http://shear-n-dipity.com/api/staff/appointments/2013-10-06/2013-10-12
2013-10-08 10:01:55	Attempting URL Connection to: http://shear-n-dipity.com/api/staff/available/2013-10-06/2013-10-12
